----------------------------------------------------
Job ID: 230672 | Task ID: 3
Processing: Run_3.txt
Host: gpu08
Time: Mon Apr 20 09:47:38 PM EDT 2026
----------------------------------------------------
04/20 21:47:46 - mmengine - INFO - 
------------------------------------------------------------
System environment:
    sys.platform: linux
    Python: 3.9.25 (main, Nov  3 2025, 22:33:05) [GCC 11.2.0]
    CUDA available: True
    MUSA available: False
    numpy_random_seed: 0
    GPU 0: NVIDIA A100-PCIE-40GB
    CUDA_HOME: /usr/local/cuda
    NVCC: Cuda compilation tools, release 12.9, V12.9.41
    GCC: gcc (Ubuntu 11.4.0-1ubuntu1~22.04.3) 11.4.0
    PyTorch: 2.1.0+cu121
    PyTorch compiling details: PyTorch built with:
  - GCC 9.3
  - C++ Version: 201703
  - Intel(R) oneAPI Math Kernel Library Version 2022.2-Product Build 20220804 for Intel(R) 64 architecture applications
  - Intel(R) MKL-DNN v3.1.1 (Git Hash 64f6bcbcbab628e96f33a62c3e975f8535a7bde4)
  - OpenMP 201511 (a.k.a. OpenMP 4.5)
  - LAPACK is enabled (usually provided by MKL)
  - NNPACK is enabled
  - CPU capability usage: AVX2
  - CUDA Runtime 12.1
  - NVCC architecture flags: -gencode;arch=compute_50,code=sm_50;-gencode;arch=compute_60,code=sm_60;-gencode;arch=compute_70,code=sm_70;-gencode;arch=compute_75,code=sm_75;-gencode;arch=compute_80,code=sm_80;-gencode;arch=compute_86,code=sm_86;-gencode;arch=compute_90,code=sm_90
  - CuDNN 8.9.2
  - Magma 2.6.1
  - Build settings: BLAS_INFO=mkl, BUILD_TYPE=Release, CUDA_VERSION=12.1, CUDNN_VERSION=8.9.2, CXX_COMPILER=/opt/rh/devtoolset-9/root/usr/bin/c++, CXX_FLAGS= -D_GLIBCXX_USE_CXX11_ABI=0 -fabi-version=11 -fvisibility-inlines-hidden -DUSE_PTHREADPOOL -DNDEBUG -DUSE_KINETO -DLIBKINETO_NOROCTRACER -DUSE_FBGEMM -DUSE_QNNPACK -DUSE_PYTORCH_QNNPACK -DUSE_XNNPACK -DSYMBOLICATE_MOBILE_DEBUG_HANDLE -O2 -fPIC -Wall -Wextra -Werror=return-type -Werror=non-virtual-dtor -Werror=bool-operation -Wnarrowing -Wno-missing-field-initializers -Wno-type-limits -Wno-array-bounds -Wno-unknown-pragmas -Wno-unused-parameter -Wno-unused-function -Wno-unused-result -Wno-strict-overflow -Wno-strict-aliasing -Wno-stringop-overflow -Wno-psabi -Wno-error=pedantic -Wno-error=old-style-cast -Wno-invalid-partial-specialization -Wno-unused-private-field -Wno-aligned-allocation-unavailable -Wno-missing-braces -fdiagnostics-color=always -faligned-new -Wno-unused-but-set-variable -Wno-maybe-uninitialized -fno-math-errno -fno-trapping-math -Werror=format -Werror=cast-function-type -Wno-stringop-overflow, LAPACK_INFO=mkl, PERF_WITH_AVX=1, PERF_WITH_AVX2=1, PERF_WITH_AVX512=1, TORCH_DISABLE_GPU_ASSERTS=ON, TORCH_VERSION=2.1.0, USE_CUDA=ON, USE_CUDNN=ON, USE_EXCEPTION_PTR=1, USE_GFLAGS=OFF, USE_GLOG=OFF, USE_MKL=ON, USE_MKLDNN=ON, USE_MPI=OFF, USE_NCCL=1, USE_NNPACK=ON, USE_OPENMP=ON, USE_ROCM=OFF, 

    TorchVision: 0.16.0+cu121
    OpenCV: 4.11.0
    MMEngine: 0.10.7

Runtime environment:
    cudnn_benchmark: False
    mp_cfg: {'mp_start_method': 'fork', 'opencv_num_threads': 0}
    dist_cfg: {'backend': 'nccl'}
    seed: 0
    deterministic: True
    Distributed launcher: none
    Distributed training: False
    GPU number: 1
------------------------------------------------------------

04/20 21:47:47 - mmengine - INFO - Config:
cfg_name = 'clrernet_culane_dla34_ema.py'
checkpoint_config = dict(interval=50)
compose_cfg = dict(bboxes=False, keypoints=True, masks=True)
crop_bbox = [
    0,
    270,
    1640,
    590,
]
custom_hooks = [
    dict(
        ema_type='ExpMomentumEMA',
        momentum=0.0001,
        priority=49,
        type='EMAHook',
        update_buffers=True),
]
custom_imports = dict(
    allow_failed_imports=False,
    imports=[
        'libs.models',
        'libs.datasets',
        'libs.core.bbox',
        'libs.core.anchor',
        'libs.core.hook',
    ])
data_root = 'dataset/culane'
dataset_type = 'CulaneDataset'
default_hooks = dict(
    checkpoint=dict(interval=10, type='CheckpointHook'),
    logger=dict(interval=100, type='LoggerHook'),
    param_scheduler=dict(type='ParamSchedulerHook'),
    sampler_seed=dict(type='DistSamplerSeedHook'),
    timer=dict(type='IterTimerHook'),
    visualization=dict(draw=False, type='DetVisualizationHook'))
default_scope = 'mmdet'
env_cfg = dict(
    cudnn_benchmark=False,
    dist_cfg=dict(backend='nccl'),
    mp_cfg=dict(mp_start_method='fork', opencv_num_threads=0))
img_norm_cfg = dict(
    mean=[
        0.0,
        0.0,
        0.0,
    ], std=[
        255.0,
        255.0,
        255.0,
    ], to_rgb=False)
img_scale = (
    800,
    320,
)
launcher = 'none'
load_from = '/home1/adoyle2025/CLRerNet/clrernet_culane_dla34_ema.pth'
log_level = 'INFO'
log_processor = dict(by_epoch=True, type='LogProcessor', window_size=50)
lr_config = dict(by_epoch=False, min_lr=0.0006, policy='CosineAnnealing')
model = dict(
    backbone=dict(dla='dla34', pretrained=True, type='DLANet'),
    bbox_head=dict(
        anchor_generator=dict(
            num_points=72, num_priors=192, type='CLRerNetAnchorGenerator'),
        attention=dict(type='ROIGather'),
        fc_hidden_dim=64,
        img_h=320,
        img_w=800,
        loss_bbox=dict(loss_weight=0.2, reduction='none', type='SmoothL1Loss'),
        loss_cls=dict(
            alpha=0.25, gamma=2, loss_weight=2.0, type='KorniaFocalLoss'),
        loss_iou=dict(
            lane_width=0.009375, loss_weight=4.0, type='LaneIoULoss'),
        loss_seg=dict(
            bg_weight=0.4,
            ignore_label=255,
            loss_weight=1.0,
            num_classes=5,
            type='CLRNetSegLoss'),
        num_fc=2,
        prior_feat_channels=64,
        refine_layers=3,
        sample_points=36,
        type='CLRerHead'),
    data_preprocessor=dict(
        batch_augments=None,
        bgr_to_rgb=False,
        mean=[
            0,
            0,
            0,
        ],
        std=[
            255.0,
            255.0,
            255.0,
        ],
        type='DetDataPreprocessor'),
    neck=dict(
        in_channels=[
            128,
            256,
            512,
        ],
        num_outs=3,
        out_channels=64,
        type='CLRerNetFPN'),
    test_cfg=dict(
        as_lanes=True,
        conf_threshold=0.43,
        cut_height=270,
        extend_bottom=True,
        nms_thres=50,
        nms_topk=4,
        ori_img_h=590,
        ori_img_w=1640,
        use_nms=True),
    train_cfg=dict(
        assigner=dict(
            cls_cost=dict(type='FocalCost', weight=1.0),
            cost_combination=1,
            iou_cost=dict(
                lane_width=0.0375,
                type='LaneIoUCost',
                use_giou=True,
                use_pred_start_end=True),
            iou_dynamick=dict(
                lane_width=0.009375,
                type='LaneIoUCost',
                use_giou=True,
                use_pred_start_end=False),
            max_topk=4,
            min_topk=1,
            reg_cost=dict(type='DistanceCost', weight=0.0),
            type='DynamicTopkAssigner')),
    type='CLRerNet')
optim_wrapper = dict(
    optimizer=dict(lr=0.0006, type='AdamW'), type='OptimWrapper')
randomness = dict(deterministic=True, seed=0)
resume = False
test_cfg = dict(type='TestLoop')
test_dataloader = dict(
    batch_size=64,
    dataset=dict(
        data_list=
        '/home1/adoyle2025/Distribution-Shift-Lane-Perception/logs/Exodo/1000sImageNet32d/CULane_list_train_to_Curvelanes_valid_valid_8/Run_3.txt',
        data_root='/home1/adoyle2025/Datasets/Datasets/Curvelanes',
        pipeline=[
            dict(
                pipelines=[
                    dict(
                        params=dict(bboxes=False, keypoints=True, masks=True),
                        type='Compose'),
                    dict(
                        p=1,
                        type='Crop',
                        x_max=1640,
                        x_min=0,
                        y_max=590,
                        y_min=270),
                    dict(height=320, p=1, type='Resize', width=800),
                ],
                type='albumentation'),
            dict(
                meta_keys=[
                    'filename',
                    'sub_img_name',
                    'ori_shape',
                    'img_shape',
                ],
                type='PackCLRNetInputs'),
        ],
        test_mode=True,
        type='CulaneDataset'),
    drop_last=False,
    num_workers=4,
    sampler=dict(shuffle=False, type='DefaultSampler'))
test_evaluator = dict(
    data_list=
    '/home1/adoyle2025/Distribution-Shift-Lane-Perception/logs/Exodo/1000sImageNet32d/CULane_list_train_to_Curvelanes_valid_valid_8/Run_3.txt',
    data_root='/home1/adoyle2025/Datasets/Datasets/Curvelanes',
    type='CULaneMetric')
total_epochs = 50
train_al_pipeline = [
    dict(
        params=dict(bboxes=False, keypoints=True, masks=True), type='Compose'),
    dict(p=1, type='Crop', x_max=1640, x_min=0, y_max=590, y_min=270),
    dict(height=320, p=1, type='Resize', width=800),
    dict(p=0.5, type='HorizontalFlip'),
    dict(p=0.1, type='ChannelShuffle'),
    dict(
        brightness_limit=0.04,
        contrast_limit=0.15,
        p=0.6,
        type='RandomBrightnessContrast'),
    dict(
        hue_shift_limit=(
            -10,
            10,
        ),
        p=0.7,
        sat_shift_limit=(
            -10,
            10,
        ),
        type='HueSaturationValue',
        val_shift_limit=(
            -10,
            10,
        )),
    dict(
        p=0.2,
        transforms=[
            dict(blur_limit=5, p=1.0, type='MotionBlur'),
            dict(blur_limit=5, p=1.0, type='MedianBlur'),
        ],
        type='OneOf'),
    dict(
        p=0.7,
        rotate=(
            -10.0,
            10.0,
        ),
        scale=(
            0.8,
            1.2,
        ),
        translate_percent=0.1,
        type='IAAAffine'),
    dict(height=320, p=1, type='Resize', width=800),
]
train_cfg = dict(max_epochs=50, type='EpochBasedTrainLoop', val_interval=10)
train_dataloader = dict(
    batch_size=24,
    dataset=dict(
        data_list='dataset/culane/list/train_gt.txt',
        data_root='dataset/culane',
        diff_file='dataset/culane/list/train_diffs.npz',
        diff_thr=15,
        pipeline=[
            dict(
                pipelines=[
                    dict(
                        params=dict(bboxes=False, keypoints=True, masks=True),
                        type='Compose'),
                    dict(
                        p=1,
                        type='Crop',
                        x_max=1640,
                        x_min=0,
                        y_max=590,
                        y_min=270),
                    dict(height=320, p=1, type='Resize', width=800),
                    dict(p=0.5, type='HorizontalFlip'),
                    dict(p=0.1, type='ChannelShuffle'),
                    dict(
                        brightness_limit=0.04,
                        contrast_limit=0.15,
                        p=0.6,
                        type='RandomBrightnessContrast'),
                    dict(
                        hue_shift_limit=(
                            -10,
                            10,
                        ),
                        p=0.7,
                        sat_shift_limit=(
                            -10,
                            10,
                        ),
                        type='HueSaturationValue',
                        val_shift_limit=(
                            -10,
                            10,
                        )),
                    dict(
                        p=0.2,
                        transforms=[
                            dict(blur_limit=5, p=1.0, type='MotionBlur'),
                            dict(blur_limit=5, p=1.0, type='MedianBlur'),
                        ],
                        type='OneOf'),
                    dict(
                        p=0.7,
                        rotate=(
                            -10.0,
                            10.0,
                        ),
                        scale=(
                            0.8,
                            1.2,
                        ),
                        translate_percent=0.1,
                        type='IAAAffine'),
                    dict(height=320, p=1, type='Resize', width=800),
                ],
                type='albumentation'),
            dict(
                meta_keys=[
                    'filename',
                    'sub_img_name',
                    'ori_shape',
                    'img_shape',
                    'ori_shape',
                    'img_shape',
                    'gt_points',
                    'gt_masks',
                    'lanes',
                ],
                type='PackCLRNetInputs'),
        ],
        test_mode=False,
        type='CulaneDataset'),
    num_workers=4,
    sampler=dict(shuffle=True, type='DefaultSampler'))
train_pipeline = [
    dict(
        pipelines=[
            dict(
                params=dict(bboxes=False, keypoints=True, masks=True),
                type='Compose'),
            dict(p=1, type='Crop', x_max=1640, x_min=0, y_max=590, y_min=270),
            dict(height=320, p=1, type='Resize', width=800),
            dict(p=0.5, type='HorizontalFlip'),
            dict(p=0.1, type='ChannelShuffle'),
            dict(
                brightness_limit=0.04,
                contrast_limit=0.15,
                p=0.6,
                type='RandomBrightnessContrast'),
            dict(
                hue_shift_limit=(
                    -10,
                    10,
                ),
                p=0.7,
                sat_shift_limit=(
                    -10,
                    10,
                ),
                type='HueSaturationValue',
                val_shift_limit=(
                    -10,
                    10,
                )),
            dict(
                p=0.2,
                transforms=[
                    dict(blur_limit=5, p=1.0, type='MotionBlur'),
                    dict(blur_limit=5, p=1.0, type='MedianBlur'),
                ],
                type='OneOf'),
            dict(
                p=0.7,
                rotate=(
                    -10.0,
                    10.0,
                ),
                scale=(
                    0.8,
                    1.2,
                ),
                translate_percent=0.1,
                type='IAAAffine'),
            dict(height=320, p=1, type='Resize', width=800),
        ],
        type='albumentation'),
    dict(
        meta_keys=[
            'filename',
            'sub_img_name',
            'ori_shape',
            'img_shape',
            'ori_shape',
            'img_shape',
            'gt_points',
            'gt_masks',
            'lanes',
        ],
        type='PackCLRNetInputs'),
]
val_al_pipeline = [
    dict(
        params=dict(bboxes=False, keypoints=True, masks=True), type='Compose'),
    dict(p=1, type='Crop', x_max=1640, x_min=0, y_max=590, y_min=270),
    dict(height=320, p=1, type='Resize', width=800),
]
val_cfg = dict(type='ValLoop')
val_dataloader = dict(
    batch_size=64,
    dataset=dict(
        data_list='dataset/culane/list/val.txt',
        data_root='dataset/culane',
        pipeline=[
            dict(
                pipelines=[
                    dict(
                        params=dict(bboxes=False, keypoints=True, masks=True),
                        type='Compose'),
                    dict(
                        p=1,
                        type='Crop',
                        x_max=1640,
                        x_min=0,
                        y_max=590,
                        y_min=270),
                    dict(height=320, p=1, type='Resize', width=800),
                ],
                type='albumentation'),
            dict(
                meta_keys=[
                    'filename',
                    'sub_img_name',
                    'ori_shape',
                    'img_shape',
                ],
                type='PackCLRNetInputs'),
        ],
        test_mode=True,
        type='CulaneDataset'),
    drop_last=False,
    num_workers=4,
    sampler=dict(shuffle=False, type='DefaultSampler'))
val_evaluator = dict(
    data_list='dataset/culane/list/val.txt',
    data_root='dataset/culane',
    type='CULaneMetric')
val_pipeline = [
    dict(
        pipelines=[
            dict(
                params=dict(bboxes=False, keypoints=True, masks=True),
                type='Compose'),
            dict(p=1, type='Crop', x_max=1640, x_min=0, y_max=590, y_min=270),
            dict(height=320, p=1, type='Resize', width=800),
        ],
        type='albumentation'),
    dict(
        meta_keys=[
            'filename',
            'sub_img_name',
            'ori_shape',
            'img_shape',
        ],
        type='PackCLRNetInputs'),
]
vis_backends = [
    dict(type='LocalVisBackend'),
]
visualizer = dict(
    name='visualizer',
    type='DetLocalVisualizer',
    vis_backends=[
        dict(type='LocalVisBackend'),
    ])
work_dir = './work_dirs/clrernet_culane_dla34_ema'

04/20 21:47:49 - mmengine - INFO - Distributed training is not used, all SyncBatchNorm (SyncBN) layers in the model will be automatically reverted to BatchNormXd layers if they are used.
04/20 21:47:49 - mmengine - INFO - Hooks will be executed in the following order:
before_run:
(VERY_HIGH   ) RuntimeInfoHook                    
(49          ) EMAHook                            
(BELOW_NORMAL) LoggerHook                         
 -------------------- 
after_load_checkpoint:
(49          ) EMAHook                            
 -------------------- 
before_train:
(VERY_HIGH   ) RuntimeInfoHook                    
(49          ) EMAHook                            
(NORMAL      ) IterTimerHook                      
(VERY_LOW    ) CheckpointHook                     
 -------------------- 
before_train_epoch:
(VERY_HIGH   ) RuntimeInfoHook                    
(NORMAL      ) IterTimerHook                      
(NORMAL      ) DistSamplerSeedHook                
 -------------------- 
before_train_iter:
(VERY_HIGH   ) RuntimeInfoHook                    
(NORMAL      ) IterTimerHook                      
 -------------------- 
after_train_iter:
(VERY_HIGH   ) RuntimeInfoHook                    
(49          ) EMAHook                            
(NORMAL      ) IterTimerHook                      
(BELOW_NORMAL) LoggerHook                         
(LOW         ) ParamSchedulerHook                 
(VERY_LOW    ) CheckpointHook                     
 -------------------- 
after_train_epoch:
(NORMAL      ) IterTimerHook                      
(LOW         ) ParamSchedulerHook                 
(VERY_LOW    ) CheckpointHook                     
 -------------------- 
before_val:
(VERY_HIGH   ) RuntimeInfoHook                    
 -------------------- 
before_val_epoch:
(49          ) EMAHook                            
(NORMAL      ) IterTimerHook                      
 -------------------- 
before_val_iter:
(NORMAL      ) IterTimerHook                      
 -------------------- 
after_val_iter:
(NORMAL      ) IterTimerHook                      
(NORMAL      ) DetVisualizationHook               
(BELOW_NORMAL) LoggerHook                         
 -------------------- 
after_val_epoch:
(VERY_HIGH   ) RuntimeInfoHook                    
(49          ) EMAHook                            
(NORMAL      ) IterTimerHook                      
(BELOW_NORMAL) LoggerHook                         
(LOW         ) ParamSchedulerHook                 
(VERY_LOW    ) CheckpointHook                     
 -------------------- 
after_val:
(VERY_HIGH   ) RuntimeInfoHook                    
 -------------------- 
before_save_checkpoint:
(49          ) EMAHook                            
 -------------------- 
after_train:
(VERY_HIGH   ) RuntimeInfoHook                    
(VERY_LOW    ) CheckpointHook                     
 -------------------- 
before_test:
(VERY_HIGH   ) RuntimeInfoHook                    
 -------------------- 
before_test_epoch:
(49          ) EMAHook                            
(NORMAL      ) IterTimerHook                      
 -------------------- 
before_test_iter:
(NORMAL      ) IterTimerHook                      
 -------------------- 
after_test_iter:
(NORMAL      ) IterTimerHook                      
(NORMAL      ) DetVisualizationHook               
(BELOW_NORMAL) LoggerHook                         
 -------------------- 
after_test_epoch:
(VERY_HIGH   ) RuntimeInfoHook                    
(49          ) EMAHook                            
(NORMAL      ) IterTimerHook                      
(BELOW_NORMAL) LoggerHook                         
 -------------------- 
after_test:
(VERY_HIGH   ) RuntimeInfoHook                    
 -------------------- 
after_run:
(BELOW_NORMAL) LoggerHook                         
 -------------------- 
1000 data are loaded
04/20 21:47:50 - mmengine - WARNING - The prefix is not set in metric class CULaneMetric.
Loads checkpoint by local backend from path: /home1/adoyle2025/CLRerNet/clrernet_culane_dla34_ema.pth
The model and loaded state dict do not match exactly

missing keys in source state_dict: bbox_head.loss_seg.criterion.weight, bbox_head.seg_decoder.conv.weight, bbox_head.seg_decoder.conv.bias

The model and loaded state dict do not match exactly

missing keys in source state_dict: bbox_head.loss_seg.criterion.weight, bbox_head.seg_decoder.conv.weight, bbox_head.seg_decoder.conv.bias

04/20 21:47:52 - mmengine - INFO - Load checkpoint from /home1/adoyle2025/CLRerNet/clrernet_culane_dla34_ema.pth
Traceback (most recent call last):
  File "/home1/adoyle2025/CLRerNet/tools/test.py", line 151, in <module>
    main()
  File "/home1/adoyle2025/CLRerNet/tools/test.py", line 147, in main
    runner.test()
  File "/home1/adoyle2025/miniconda3/envs/clrernet/lib/python3.9/site-packages/mmengine/runner/runner.py", line 1823, in test
    metrics = self.test_loop.run()  # type: ignore
  File "/home1/adoyle2025/miniconda3/envs/clrernet/lib/python3.9/site-packages/mmengine/runner/loops.py", line 462, in run
    for idx, data_batch in enumerate(self.dataloader):
  File "/home1/adoyle2025/miniconda3/envs/clrernet/lib/python3.9/site-packages/torch/utils/data/dataloader.py", line 630, in __next__
    data = self._next_data()
  File "/home1/adoyle2025/miniconda3/envs/clrernet/lib/python3.9/site-packages/torch/utils/data/dataloader.py", line 1345, in _next_data
    return self._process_data(data)
  File "/home1/adoyle2025/miniconda3/envs/clrernet/lib/python3.9/site-packages/torch/utils/data/dataloader.py", line 1371, in _process_data
    data.reraise()
  File "/home1/adoyle2025/miniconda3/envs/clrernet/lib/python3.9/site-packages/torch/_utils.py", line 694, in reraise
    raise exception
ValueError: Caught ValueError in DataLoader worker process 0.
Original Traceback (most recent call last):
  File "/home1/adoyle2025/miniconda3/envs/clrernet/lib/python3.9/site-packages/torch/utils/data/_utils/worker.py", line 308, in _worker_loop
    data = fetcher.fetch(index)
  File "/home1/adoyle2025/miniconda3/envs/clrernet/lib/python3.9/site-packages/torch/utils/data/_utils/fetch.py", line 51, in fetch
    data = [self.dataset[idx] for idx in possibly_batched_index]
  File "/home1/adoyle2025/miniconda3/envs/clrernet/lib/python3.9/site-packages/torch/utils/data/_utils/fetch.py", line 51, in <listcomp>
    data = [self.dataset[idx] for idx in possibly_batched_index]
  File "/home1/adoyle2025/CLRerNet-Runtime-Monitor-for-Lane-Detection/libs/datasets/culane_dataset.py", line 213, in __getitem__
    return self.prepare_test_img(idx)
  File "/home1/adoyle2025/CLRerNet-Runtime-Monitor-for-Lane-Detection/libs/datasets/culane_dataset.py", line 154, in prepare_test_img
    return self.pipeline(results)
  File "/home1/adoyle2025/CLRerNet-Runtime-Monitor-for-Lane-Detection/libs/datasets/pipelines/compose.py", line 32, in __call__
    data = t(data)
  File "/home1/adoyle2025/CLRerNet-Runtime-Monitor-for-Lane-Detection/libs/datasets/pipelines/alaug.py", line 89, in __call__
    data_aug = self.aug(data)
  File "/home1/adoyle2025/CLRerNet-Runtime-Monitor-for-Lane-Detection/libs/datasets/pipelines/alaug.py", line 156, in aug
    aug = self.__augmentor(
  File "/home1/adoyle2025/miniconda3/envs/clrernet/lib/python3.9/site-packages/albumentations/core/composition.py", line 176, in __call__
    data = t(force_apply=force_apply, **data)
  File "/home1/adoyle2025/miniconda3/envs/clrernet/lib/python3.9/site-packages/albumentations/core/transforms_interface.py", line 87, in __call__
    return self.apply_with_params(params, **kwargs)
  File "/home1/adoyle2025/miniconda3/envs/clrernet/lib/python3.9/site-packages/albumentations/core/transforms_interface.py", line 100, in apply_with_params
    res[key] = target_function(arg, **dict(params, **target_dependencies))
  File "/home1/adoyle2025/miniconda3/envs/clrernet/lib/python3.9/site-packages/albumentations/augmentations/transforms.py", line 195, in apply
    return F.crop(img, x_min=self.x_min, y_min=self.y_min, x_max=self.x_max, y_max=self.y_max)
  File "/home1/adoyle2025/miniconda3/envs/clrernet/lib/python3.9/site-packages/albumentations/augmentations/functional.py", line 287, in crop
    raise ValueError(
ValueError: Values for crop should be non negative and equal or smaller than image sizes(x_min = 0, y_min = 270, x_max = 1640, y_max = 590height = 660, width = 1570)

🚀 Initializing CLRerNet evaluation...
📄 Input List: /home1/adoyle2025/Distribution-Shift-Lane-Perception/logs/Exodo/1000sImageNet32d/CULane_list_train_to_Curvelanes_valid_valid_8/Run_3.txt
📂 Associated Output Tracking: work_dirs/exodo/1000sImageNet32d/CULane_list_train_to_Curvelanes_valid_valid_8/Run_3


❌ Command failed with error code 1
----------------------------------------------------
✅ Task 3 Finished at Mon Apr 20 09:47:54 PM EDT 2026
